<?xml version="1.0" encoding="utf-8"?><testsuites name="pytest tests"><testsuite name="pytest" errors="0" failures="0" skipped="0" tests="29" time="5.860" timestamp="2026-03-19T12:48:25.232334+00:00" hostname="agent-env-d14da59f-3a0a-4f00-b460-ec122d4c50a7"><testcase classname="tests.test_email_preferences.TestGetEmailPreferences" name="test_get_preferences_returns_defaults" time="0.456" /><testcase classname="tests.test_email_preferences.TestGetEmailPreferences" name="test_get_preferences_unauthorized" time="0.109" /><testcase classname="tests.test_email_preferences.TestGetEmailPreferences" name="test_get_preferences_admin" time="0.469" /><testcase classname="tests.test_email_preferences.TestGetEmailPreferences" name="test_get_preferences_advertiser" time="0.413" /><testcase classname="tests.test_email_preferences.TestUpdateEmailPreferences" name="test_update_notification_toggles" time="0.355" /><testcase classname="tests.test_email_preferences.TestUpdateEmailPreferences" name="test_update_budget_warning_threshold_valid" time="0.110" /><testcase classname="tests.test_email_preferences.TestUpdateEmailPreferences" name="test_update_budget_warning_threshold_too_low" time="0.147" /><testcase classname="tests.test_email_preferences.TestUpdateEmailPreferences" name="test_update_budget_warning_threshold_too_high" time="0.133" /><testcase classname="tests.test_email_preferences.TestUpdateEmailPreferences" name="test_update_budget_critical_threshold_valid" time="0.098" /><testcase classname="tests.test_email_preferences.TestUpdateEmailPreferences" name="test_update_budget_critical_threshold_too_low" time="0.115" /><testcase classname="tests.test_email_preferences.TestUpdateEmailPreferences" name="test_update_critical_must_exceed_warning" time="0.205" /><testcase classname="tests.test_email_preferences.TestUpdateEmailPreferences" name="test_update_critical_equal_to_warning" time="0.233" /><testcase classname="tests.test_email_preferences.TestUpdateEmailPreferences" name="test_update_quiet_hours_valid" time="0.101" /><testcase classname="tests.test_email_preferences.TestUpdateEmailPreferences" name="test_update_quiet_hours_start_invalid" time="0.106" /><testcase classname="tests.test_email_preferences.TestUpdateEmailPreferences" name="test_update_quiet_hours_end_invalid" time="0.132" /><testcase classname="tests.test_email_preferences.TestUpdateEmailPreferences" name="test_update_digest_day_valid" time="0.808" /><testcase classname="tests.test_email_preferences.TestUpdateEmailPreferences" name="test_update_digest_day_case_insensitive" time="0.111" /><testcase classname="tests.test_email_preferences.TestUpdateEmailPreferences" name="test_update_digest_day_invalid" time="0.137" /><testcase classname="tests.test_email_preferences.TestUpdateEmailPreferences" name="test_update_multiple_preferences" time="0.123" /><testcase classname="tests.test_email_preferences.TestResetEmailPreferences" name="test_reset_to_defaults" time="0.212" /><testcase classname="tests.test_email_preferences.TestResetEmailPreferences" name="test_reset_unauthorized" time="0.141" /><testcase classname="tests.test_email_preferences.TestPreferencesIntegrationWithBudgetCheck" name="test_budget_check_returns_threshold_info" time="0.207" /><testcase classname="tests.test_email_preferences.TestBoundaryConditions" name="test_warning_threshold_boundary_10" time="0.103" /><testcase classname="tests.test_email_preferences.TestBoundaryConditions" name="test_warning_threshold_boundary_95" time="0.124" /><testcase classname="tests.test_email_preferences.TestBoundaryConditions" name="test_critical_threshold_boundary_50" time="0.159" /><testcase classname="tests.test_email_preferences.TestBoundaryConditions" name="test_critical_threshold_boundary_100" time="0.132" /><testcase classname="tests.test_email_preferences.TestBoundaryConditions" name="test_quiet_hours_boundary_0" time="0.110" /><testcase classname="tests.test_email_preferences.TestBoundaryConditions" name="test_quiet_hours_boundary_23" time="0.135" /><testcase classname="tests.test_email_preferences.TestCleanup" name="test_final_reset" time="0.109" /></testsuite></testsuites>