<?xml version="1.0" encoding="utf-8"?><testsuites name="pytest tests"><testsuite name="pytest" errors="0" failures="0" skipped="0" tests="25" time="3.823" timestamp="2026-03-08T18:19:59.336001+00:00" hostname="agent-env-d14da59f-3a0a-4f00-b460-ec122d4c50a7"><testcase classname="backend.tests.test_refactored_routers.TestHealthEndpoints" name="test_health_check" time="0.158" /><testcase classname="backend.tests.test_refactored_routers.TestHealthEndpoints" name="test_root_endpoint" time="0.121" /><testcase classname="backend.tests.test_refactored_routers.TestDashboardEndpoints" name="test_dashboard_stats" time="0.125" /><testcase classname="backend.tests.test_refactored_routers.TestDashboardEndpoints" name="test_dashboard_chart_data" time="0.104" /><testcase classname="backend.tests.test_refactored_routers.TestCampaignsEndpoints" name="test_get_all_campaigns" time="0.133" /><testcase classname="backend.tests.test_refactored_routers.TestCampaignsEndpoints" name="test_get_campaigns_by_status" time="0.133" /><testcase classname="backend.tests.test_refactored_routers.TestCampaignsEndpoints" name="test_get_single_campaign" time="0.232" /><testcase classname="backend.tests.test_refactored_routers.TestCampaignsEndpoints" name="test_get_nonexistent_campaign" time="0.120" /><testcase classname="backend.tests.test_refactored_routers.TestCreativesEndpoints" name="test_get_all_creatives" time="0.111" /><testcase classname="backend.tests.test_refactored_routers.TestCreativesEndpoints" name="test_get_single_creative" time="0.232" /><testcase classname="backend.tests.test_refactored_routers.TestSSPEndpoints" name="test_get_all_ssp_endpoints" time="0.107" /><testcase classname="backend.tests.test_refactored_routers.TestSSPEndpoints" name="test_get_ssp_endpoint_url" time="0.235" /><testcase classname="backend.tests.test_refactored_routers.TestBidEndpoints" name="test_bid_with_token" time="0.217" /><testcase classname="backend.tests.test_refactored_routers.TestBidEndpoints" name="test_bid_generic_endpoint" time="0.118" /><testcase classname="backend.tests.test_refactored_routers.TestBidEndpoints" name="test_bid_invalid_token" time="0.133" /><testcase classname="backend.tests.test_refactored_routers.TestSSPAnalyticsEndpoints" name="test_ssp_analytics_overview" time="0.131" /><testcase classname="backend.tests.test_refactored_routers.TestSSPAnalyticsEndpoints" name="test_ssp_analytics_details" time="0.239" /><testcase classname="backend.tests.test_refactored_routers.TestBidOptimizationEndpoints" name="test_bid_optimization_status" time="0.125" /><testcase classname="backend.tests.test_refactored_routers.TestReferenceEndpoints" name="test_reference_all" time="0.109" /><testcase classname="backend.tests.test_refactored_routers.TestReferenceEndpoints" name="test_migration_matrix" time="0.123" /><testcase classname="backend.tests.test_refactored_routers.TestBidLogsEndpoints" name="test_get_bid_logs" time="0.134" /><testcase classname="backend.tests.test_refactored_routers.TestBidLogsEndpoints" name="test_get_bid_logs_pagination" time="0.111" /><testcase classname="backend.tests.test_refactored_routers.TestPacingEndpoints" name="test_pacing_status" time="0.119" /><testcase classname="backend.tests.test_refactored_routers.TestReportingEndpoints" name="test_report_summary" time="0.119" /><testcase classname="backend.tests.test_refactored_routers.TestReportingEndpoints" name="test_campaign_report" time="0.235" /></testsuite></testsuites>