<?xml version="1.0" encoding="utf-8"?><testsuites name="pytest tests"><testsuite name="pytest" errors="0" failures="0" skipped="0" tests="9" time="1.865" timestamp="2026-03-23T07:26:11.721473+00:00" hostname="agent-env-d14da59f-3a0a-4f00-b460-ec122d4c50a7"><testcase classname="backend.tests.test_frequency_capping.TestFrequencyCapPersistence" name="test_get_campaign_frequency_cap" time="0.623" /><testcase classname="backend.tests.test_frequency_capping.TestFrequencyCapPersistence" name="test_update_max_impressions" time="0.129" /><testcase classname="backend.tests.test_frequency_capping.TestFrequencyCapPersistence" name="test_update_period" time="0.448" /><testcase classname="backend.tests.test_frequency_capping.TestFrequencyCapPersistence" name="test_update_cap_type" time="0.173" /><testcase classname="backend.tests.test_frequency_capping.TestFrequencyCapPersistence" name="test_update_daily_cap" time="0.087" /><testcase classname="backend.tests.test_frequency_capping.TestFrequencyCapPersistence" name="test_update_lifetime_cap" time="0.084" /><testcase classname="backend.tests.test_frequency_capping.TestFrequencyCapPersistence" name="test_update_all_frequency_cap_fields" time="0.085" /><testcase classname="backend.tests.test_frequency_capping.TestFrequencyCapPersistence" name="test_restore_original_values" time="0.086" /><testcase classname="backend.tests.test_frequency_capping.TestFrequencyCapModel" name="test_model_accepts_new_fields" time="0.085" /></testsuite></testsuites>