<?xml version="1.0" encoding="utf-8"?><testsuites name="pytest tests"><testsuite name="pytest" errors="0" failures="0" skipped="0" tests="14" time="4.210" timestamp="2026-03-05T19:45:00.861818+00:00" hostname="agent-env-d14da59f-3a0a-4f00-b460-ec122d4c50a7"><testcase classname="tests.test_phase7_ssp_endpoints.TestSSPEndpointsAPI" name="test_get_ssp_endpoints" time="0.224" /><testcase classname="tests.test_phase7_ssp_endpoints.TestSSPEndpointsAPI" name="test_create_ssp_endpoint" time="0.302" /><testcase classname="tests.test_phase7_ssp_endpoints.TestSSPEndpointsAPI" name="test_delete_ssp_endpoint" time="0.440" /><testcase classname="tests.test_phase7_ssp_endpoints.TestSSPEndpointsAPI" name="test_update_ssp_status" time="0.478" /><testcase classname="tests.test_phase7_ssp_endpoints.TestSSPSpecificBidEndpoint" name="test_bid_endpoint_with_valid_ssp_name" time="0.599" /><testcase classname="tests.test_phase7_ssp_endpoints.TestSSPSpecificBidEndpoint" name="test_bid_endpoint_with_invalid_ssp_name" time="0.127" /><testcase classname="tests.test_phase7_ssp_endpoints.TestSSPSpecificBidEndpoint" name="test_bid_endpoint_with_inactive_ssp" time="0.475" /><testcase classname="tests.test_phase7_ssp_endpoints.TestGenericBidEndpoint" name="test_generic_bid_endpoint_without_auth" time="0.112" /><testcase classname="tests.test_phase7_ssp_endpoints.TestGenericBidEndpoint" name="test_generic_bid_endpoint_with_video_request" time="0.123" /><testcase classname="tests.test_phase7_ssp_endpoints.TestCampaignComparisonAPI" name="test_compare_campaigns" time="0.314" /><testcase classname="tests.test_phase7_ssp_endpoints.TestBidStreamAPI" name="test_get_bid_stream" time="0.126" /><testcase classname="tests.test_phase7_ssp_endpoints.TestABTestingAPI" name="test_get_ab_tests" time="0.134" /><testcase classname="tests.test_phase7_ssp_endpoints.TestABTestingAPI" name="test_create_ab_test" time="0.268" /><testcase classname="tests.test_phase7_ssp_endpoints.TestEndpointURLGeneration" name="test_get_ssp_endpoint_url" time="0.423" /></testsuite></testsuites>