<?xml version="1.0" encoding="utf-8"?><testsuites name="pytest tests"><testsuite name="pytest" errors="0" failures="0" skipped="0" tests="15" time="7.454" timestamp="2026-03-19T12:39:46.787876+00:00" hostname="agent-env-d14da59f-3a0a-4f00-b460-ec122d4c50a7"><testcase classname="tests.test_email_notifications.TestEmailServiceSetup" name="test_email_status_returns_configured" time="0.396" /><testcase classname="tests.test_email_notifications.TestEmailServiceSetup" name="test_email_status_requires_admin_role" time="0.500" /><testcase classname="tests.test_email_notifications.TestEmailTestEndpoint" name="test_send_test_email_welcome" time="0.700" /><testcase classname="tests.test_email_notifications.TestEmailTestEndpoint" name="test_send_test_email_password_reset" time="0.496" /><testcase classname="tests.test_email_notifications.TestEmailTestEndpoint" name="test_send_test_email_budget_alert" time="0.525" /><testcase classname="tests.test_email_notifications.TestEmailTestEndpoint" name="test_send_test_email_login_alert" time="0.520" /><testcase classname="tests.test_email_notifications.TestEmailTestEndpoint" name="test_send_test_email_invalid_type" time="0.405" /><testcase classname="tests.test_email_notifications.TestNewUserEmailNotification" name="test_create_user_triggers_email_notification" time="0.626" /><testcase classname="tests.test_email_notifications.TestPasswordResetEmail" name="test_password_reset_request_sends_email" time="0.292" /><testcase classname="tests.test_email_notifications.TestPasswordResetEmail" name="test_password_reset_nonexistent_email" time="0.113" /><testcase classname="tests.test_email_notifications.TestBudgetAlertEmail" name="test_check_budget_no_budget" time="0.413" /><testcase classname="tests.test_email_notifications.TestBudgetAlertEmail" name="test_check_budget_with_critical_threshold" time="0.342" /><testcase classname="tests.test_email_notifications.TestSuspiciousLoginEmail" name="test_login_records_ip_for_suspicious_detection" time="0.340" /><testcase classname="tests.test_email_notifications.TestEmailTemplatesExist" name="test_templates_accessible_via_test_endpoint" time="1.227" /><testcase classname="tests.test_email_notifications.TestEmailServiceConfiguration" name="test_email_service_integration_working" time="0.505" /></testsuite></testsuites>