<?xml version="1.0" encoding="utf-8"?><testsuites name="pytest tests"><testsuite name="pytest" errors="0" failures="0" skipped="1" tests="28" time="43.855" timestamp="2026-03-19T11:40:42.629538+00:00" hostname="agent-env-d14da59f-3a0a-4f00-b460-ec122d4c50a7"><testcase classname="tests.test_security_features.TestHealthCheck" name="test_api_is_healthy" time="0.149" /><testcase classname="tests.test_security_features.TestPasswordReset" name="test_password_reset_request_endpoint" time="0.139" /><testcase classname="tests.test_security_features.TestPasswordReset" name="test_password_reset_request_nonexistent_email" time="0.127" /><testcase classname="tests.test_security_features.TestPasswordReset" name="test_password_reset_full_flow" time="20.296" /><testcase classname="tests.test_security_features.TestPasswordReset" name="test_password_reset_invalid_token" time="0.113" /><testcase classname="tests.test_security_features.TestPasswordReset" name="test_password_reset_expired_token" time="12.509" /><testcase classname="tests.test_security_features.TestChangePassword" name="test_change_password_endpoint" time="0.666" /><testcase classname="tests.test_security_features.TestChangePassword" name="test_change_password_wrong_current" time="0.540" /><testcase classname="tests.test_security_features.TestTwoFactorAuthentication" name="test_2fa_status_endpoint" time="0.214" /><testcase classname="tests.test_security_features.TestTwoFactorAuthentication" name="test_2fa_status_user_cannot_enable" time="0.206" /><testcase classname="tests.test_security_features.TestTwoFactorAuthentication" name="test_2fa_setup_admin_only" time="0.231" /><testcase classname="tests.test_security_features.TestTwoFactorAuthentication" name="test_2fa_setup_returns_secret" time="0.303" /><testcase classname="tests.test_security_features.TestTwoFactorAuthentication" name="test_2fa_full_flow" time="2.337" /><testcase classname="tests.test_security_features.TestTwoFactorAuthentication" name="test_2fa_invalid_code_rejected" time="0.650" /><testcase classname="tests.test_security_features.TestAuditLogging" name="test_audit_logs_endpoint" time="0.219" /><testcase classname="tests.test_security_features.TestAuditLogging" name="test_audit_logs_superadmin_only" time="0.219" /><testcase classname="tests.test_security_features.TestAuditLogging" name="test_login_creates_audit_log" time="0.441" /><testcase classname="tests.test_security_features.TestAuditLogging" name="test_audit_log_has_required_fields" time="0.202" /><testcase classname="tests.test_security_features.TestAuditLogging" name="test_password_reset_creates_audit_log" time="0.571" /><testcase classname="tests.test_security_features.TestAuditLogging" name="test_failed_login_creates_audit_log" time="0.325" /><testcase classname="tests.test_security_features.TestDataIsolation" name="test_data_scope_endpoint" time="0.267" /><testcase classname="tests.test_security_features.TestDataIsolation" name="test_superadmin_sees_all_campaigns" time="0.225" /><testcase classname="tests.test_security_features.TestDataIsolation" name="test_advertiser_only_sees_own_campaigns" time="0.531" /><testcase classname="tests.test_security_features.TestDataIsolation" name="test_creatives_data_isolation" time="0.536" /><testcase classname="tests.test_security_features.TestDataIsolation" name="test_admin_sees_hierarchical_data" time="0.520" /><testcase classname="tests.test_security_features.TestDataIsolation" name="test_campaign_created_with_owner_id" time="0.201"><skipped type="pytest.skip" message="Could not create test creative">/app/backend/tests/test_security_features.py:767: Could not create test creative</skipped></testcase><testcase classname="tests.test_security_features.TestTwoFALoginFlow" name="test_2fa_login_invalid_temp_token" time="0.092" /><testcase classname="tests.test_security_features.TestTwoFALoginFlow" name="test_2fa_backup_code_login" time="0.923" /></testsuite></testsuites>