<?xml version="1.0" encoding="utf-8"?><testsuites name="pytest tests"><testsuite name="pytest" errors="0" failures="0" skipped="0" tests="23" time="6.456" timestamp="2026-03-19T11:23:55.275558+00:00" hostname="agent-env-d14da59f-3a0a-4f00-b460-ec122d4c50a7"><testcase classname="backend.tests.test_hierarchical_auth.TestHealthAndAuth" name="test_health_check" time="0.131" /><testcase classname="backend.tests.test_hierarchical_auth.TestHealthAndAuth" name="test_superadmin_login" time="0.152" /><testcase classname="backend.tests.test_hierarchical_auth.TestUserHierarchy" name="test_get_users_hierarchy_endpoint" time="0.207" /><testcase classname="backend.tests.test_hierarchical_auth.TestUserHierarchy" name="test_admin_only_sees_own_children" time="0.212" /><testcase classname="backend.tests.test_hierarchical_auth.TestUserHierarchy" name="test_superadmin_sees_all_users" time="0.220" /><testcase classname="backend.tests.test_hierarchical_auth.TestUserHierarchy" name="test_created_user_has_parent_id" time="0.333" /><testcase classname="backend.tests.test_hierarchical_auth.TestUserHierarchy" name="test_users_tab_shows_created_by" time="0.216" /><testcase classname="backend.tests.test_hierarchical_auth.TestImpersonation" name="test_impersonate_endpoint_exists" time="0.338" /><testcase classname="backend.tests.test_hierarchical_auth.TestImpersonation" name="test_impersonated_token_works" time="0.421" /><testcase classname="backend.tests.test_hierarchical_auth.TestImpersonation" name="test_cannot_impersonate_inactive_user" time="0.612" /><testcase classname="backend.tests.test_hierarchical_auth.TestImpersonation" name="test_admin_cannot_impersonate" time="0.303" /><testcase classname="backend.tests.test_hierarchical_auth.TestBulkAccessUpdate" name="test_bulk_update_endpoint_exists" time="0.304" /><testcase classname="backend.tests.test_hierarchical_auth.TestBulkAccessUpdate" name="test_bulk_update_updates_all_users_with_role" time="0.498" /><testcase classname="backend.tests.test_hierarchical_auth.TestBulkAccessUpdate" name="test_admin_cannot_bulk_update" time="0.251" /><testcase classname="backend.tests.test_hierarchical_auth.TestRoleRestrictions" name="test_admin_can_create_advertiser" time="0.203" /><testcase classname="backend.tests.test_hierarchical_auth.TestRoleRestrictions" name="test_admin_can_create_user" time="0.217" /><testcase classname="backend.tests.test_hierarchical_auth.TestRoleRestrictions" name="test_admin_cannot_create_admin" time="0.224" /><testcase classname="backend.tests.test_hierarchical_auth.TestRoleRestrictions" name="test_admin_cannot_create_superadmin" time="0.223" /><testcase classname="backend.tests.test_hierarchical_auth.TestRoleRestrictions" name="test_superadmin_can_create_admin" time="0.337" /><testcase classname="backend.tests.test_hierarchical_auth.TestUserChildren" name="test_get_user_children_endpoint" time="0.342" /><testcase classname="backend.tests.test_hierarchical_auth.TestDataScope" name="test_superadmin_scope_is_all" time="0.207" /><testcase classname="backend.tests.test_hierarchical_auth.TestDataScope" name="test_admin_scope_is_hierarchical" time="0.230" /><testcase classname="backend.tests.test_hierarchical_auth.TestDataScope" name="test_user_scope_is_self" time="0.213" /></testsuite></testsuites>