<?xml version="1.0" encoding="utf-8"?><testsuites name="pytest tests"><testsuite name="pytest" errors="0" failures="0" skipped="0" tests="6" time="4.360" timestamp="2026-03-23T09:09:07.405535+00:00" hostname="agent-env-d14da59f-3a0a-4f00-b460-ec122d4c50a7"><testcase classname="backend.tests.test_bid_response_feature.TestBidResponseFeature" name="test_health_check" time="0.422" /><testcase classname="backend.tests.test_bid_response_feature.TestBidResponseFeature" name="test_bid_logs_endpoint_accessible" time="0.405" /><testcase classname="backend.tests.test_bid_response_feature.TestBidResponseFeature" name="test_successful_bid_has_bid_response" time="1.303" /><testcase classname="backend.tests.test_bid_response_feature.TestBidResponseFeature" name="test_no_bid_entries_no_bid_response" time="0.694" /><testcase classname="backend.tests.test_bid_response_feature.TestBidResponseFeature" name="test_bid_response_contains_expected_fields" time="0.450" /><testcase classname="backend.tests.test_bid_response_feature.TestBidResponseFeature" name="test_create_bid_and_verify_response_stored" time="1.020" /></testsuite></testsuites>