<?xml version="1.0" encoding="utf-8"?><testsuites name="pytest tests"><testsuite name="pytest" errors="0" failures="0" skipped="0" tests="11" time="12.488" timestamp="2026-03-19T13:00:53.324474+00:00" hostname="agent-env-d14da59f-3a0a-4f00-b460-ec122d4c50a7"><testcase classname="backend.tests.test_user_chart_data_isolation.TestUserChartDataEndpoint" name="test_endpoint_requires_authentication" time="0.163" /><testcase classname="backend.tests.test_user_chart_data_isolation.TestUserChartDataEndpoint" name="test_endpoint_exists_for_super_admin" time="1.775" /><testcase classname="backend.tests.test_user_chart_data_isolation.TestUserChartDataEndpoint" name="test_endpoint_exists_for_admin" time="1.046" /><testcase classname="backend.tests.test_user_chart_data_isolation.TestUserChartDataEndpoint" name="test_endpoint_exists_for_advertiser" time="0.937" /><testcase classname="backend.tests.test_user_chart_data_isolation.TestDataIsolation" name="test_response_structure_consistent" time="1.698" /><testcase classname="backend.tests.test_user_chart_data_isolation.TestDataIsolation" name="test_advertiser_gets_filtered_data" time="1.070" /><testcase classname="backend.tests.test_user_chart_data_isolation.TestDataIsolation" name="test_global_vs_user_chart_endpoints_differ_for_advertiser" time="1.571" /><testcase classname="backend.tests.test_user_chart_data_isolation.TestGlobalChartDataEndpoint" name="test_global_chart_data_exists" time="2.014" /><testcase classname="backend.tests.test_user_chart_data_isolation.TestFrontendIntegration" name="test_api_js_has_user_chart_data_function" time="0.000" /><testcase classname="backend.tests.test_user_chart_data_isolation.TestFrontendIntegration" name="test_dashboard_uses_user_chart_data" time="0.000" /><testcase classname="backend.tests.test_user_chart_data_isolation.TestRoleDashboardData" name="test_role_dashboard_returns_correct_role" time="2.149" /></testsuite></testsuites>