<?xml version="1.0" encoding="utf-8"?><testsuites name="pytest tests"><testsuite name="pytest" errors="0" failures="0" skipped="0" tests="20" time="5.142" timestamp="2026-03-05T19:02:55.373674+00:00" hostname="agent-env-d14da59f-3a0a-4f00-b460-ec122d4c50a7"><testcase classname="tests.test_phase5_features.TestReferenceDataEndpoints" name="test_iab_categories_returns_list" time="0.270" /><testcase classname="tests.test_phase5_features.TestReferenceDataEndpoints" name="test_ad_placements_returns_list" time="0.152" /><testcase classname="tests.test_phase5_features.TestReferenceDataEndpoints" name="test_video_placements_returns_list" time="0.117" /><testcase classname="tests.test_phase5_features.TestReferenceDataEndpoints" name="test_video_plcmt_returns_list" time="0.116" /><testcase classname="tests.test_phase5_features.TestReferenceDataEndpoints" name="test_video_protocols_returns_list" time="0.115" /><testcase classname="tests.test_phase5_features.TestReferenceDataEndpoints" name="test_video_mimes_returns_list" time="0.156" /><testcase classname="tests.test_phase5_features.TestReferenceDataEndpoints" name="test_pod_positions_returns_list" time="0.108" /><testcase classname="tests.test_phase5_features.TestReferenceDataEndpoints" name="test_device_types_returns_list" time="0.105" /><testcase classname="tests.test_phase5_features.TestReferenceDataEndpoints" name="test_connection_types_returns_list" time="0.116" /><testcase classname="tests.test_phase5_features.TestCarriersByCountry" name="test_carriers_usa_returns_major_carriers" time="0.113" /><testcase classname="tests.test_phase5_features.TestCarriersByCountry" name="test_carriers_gbr_returns_uk_carriers" time="0.118" /><testcase classname="tests.test_phase5_features.TestCarriersByCountry" name="test_carriers_lowercase_country_code" time="0.117" /><testcase classname="tests.test_phase5_features.TestCarriersByCountry" name="test_carriers_unknown_country_returns_empty" time="0.180" /><testcase classname="tests.test_phase5_features.TestCarriersByCountry" name="test_all_carriers_returns_all_countries" time="0.117" /><testcase classname="tests.test_phase5_features.TestSSPEndpointORTBVersion" name="test_create_ssp_endpoint_with_ortb_version" time="0.473" /><testcase classname="tests.test_phase5_features.TestSSPEndpointORTBVersion" name="test_create_ssp_endpoint_defaults_to_25" time="0.247" /><testcase classname="tests.test_phase5_features.TestCampaignGeoTargeting" name="test_create_campaign_with_geo_coordinates" time="0.595" /><testcase classname="tests.test_phase5_features.TestCampaignDeviceTargeting" name="test_create_campaign_with_device_types" time="0.581" /><testcase classname="tests.test_phase5_features.TestCampaignVideoTargeting" name="test_create_campaign_with_full_video_targeting" time="0.650" /><testcase classname="tests.test_phase5_features.TestCampaignAdPlacements" name="test_create_campaign_with_ad_placements" time="0.593" /></testsuite></testsuites>