<?xml version="1.0" encoding="utf-8"?><testsuites name="pytest tests"><testsuite name="pytest" errors="0" failures="0" skipped="0" tests="14" time="2.397" timestamp="2026-03-24T08:13:40.259411+00:00" hostname="agent-env-d14da59f-3a0a-4f00-b460-ec122d4c50a7"><testcase classname="backend.tests.test_openrtb_macros.TestMacrosEndpoint" name="test_macros_endpoint_returns_200" time="0.120" /><testcase classname="backend.tests.test_openrtb_macros.TestMacrosEndpoint" name="test_macros_returns_61_total" time="0.106" /><testcase classname="backend.tests.test_openrtb_macros.TestMacrosEndpoint" name="test_macros_has_all_categories" time="0.093" /><testcase classname="backend.tests.test_openrtb_macros.TestMacrosEndpoint" name="test_auction_macros_present" time="0.105" /><testcase classname="backend.tests.test_openrtb_macros.TestMacrosEndpoint" name="test_device_macros_present" time="0.120" /><testcase classname="backend.tests.test_openrtb_macros.TestMacrosEndpoint" name="test_geo_macros_present" time="0.111" /><testcase classname="backend.tests.test_openrtb_macros.TestMacrosEndpoint" name="test_timestamp_macros_present" time="0.148" /><testcase classname="backend.tests.test_openrtb_macros.TestMacrosEndpoint" name="test_utility_macros_present" time="0.105" /><testcase classname="backend.tests.test_openrtb_macros.TestMacrosEndpoint" name="test_click_macros_present" time="0.097" /><testcase classname="backend.tests.test_openrtb_macros.TestMacrosEndpoint" name="test_example_usage_provided" time="0.105" /><testcase classname="backend.tests.test_openrtb_macros.TestMacrosEndpoint" name="test_each_macro_has_description" time="0.101" /><testcase classname="backend.tests.test_openrtb_macros.TestMacroReplacementInBidResponse" name="test_bid_response_replaces_macros_in_impression_pixels" time="0.529" /><testcase classname="backend.tests.test_openrtb_macros.TestMacroReplacementInBidResponse" name="test_bid_endpoint_processes_macros" time="0.097" /><testcase classname="backend.tests.test_openrtb_macros.TestCreativeWithMacros" name="test_create_creative_with_macro_pixel" time="0.507" /></testsuite></testsuites>