<?xml version="1.0" encoding="utf-8"?><testsuites name="pytest tests"><testsuite name="pytest" errors="0" failures="0" skipped="0" tests="20" time="3.559" timestamp="2026-03-19T12:02:34.879047+00:00" hostname="agent-env-d14da59f-3a0a-4f00-b460-ec122d4c50a7"><testcase classname="backend.tests.test_rbac_3tier.TestHierarchyEnforcement" name="test_super_admin_can_create_admin" time="0.533" /><testcase classname="backend.tests.test_rbac_3tier.TestHierarchyEnforcement" name="test_super_admin_cannot_create_advertiser" time="0.107" /><testcase classname="backend.tests.test_rbac_3tier.TestHierarchyEnforcement" name="test_admin_can_create_advertiser" time="0.555" /><testcase classname="backend.tests.test_rbac_3tier.TestHierarchyEnforcement" name="test_admin_cannot_create_admin" time="0.120" /><testcase classname="backend.tests.test_rbac_3tier.TestHierarchyEnforcement" name="test_advertiser_cannot_create_users" time="0.219" /><testcase classname="backend.tests.test_rbac_3tier.TestStatsEndpoint" name="test_super_admin_gets_all_stats" time="0.143" /><testcase classname="backend.tests.test_rbac_3tier.TestStatsEndpoint" name="test_admin_gets_limited_stats" time="0.111" /><testcase classname="backend.tests.test_rbac_3tier.TestStatsEndpoint" name="test_advertiser_cannot_access_stats" time="0.109" /><testcase classname="backend.tests.test_rbac_3tier.TestActivityTimeline" name="test_super_admin_gets_activity_timeline" time="0.113" /><testcase classname="backend.tests.test_rbac_3tier.TestActivityTimeline" name="test_admin_gets_activity_timeline" time="0.096" /><testcase classname="backend.tests.test_rbac_3tier.TestUserSearch" name="test_super_admin_search_users" time="0.128" /><testcase classname="backend.tests.test_rbac_3tier.TestUserSearch" name="test_search_with_query" time="0.109" /><testcase classname="backend.tests.test_rbac_3tier.TestUserSearch" name="test_search_with_role_filter" time="0.097" /><testcase classname="backend.tests.test_rbac_3tier.TestExportCSV" name="test_super_admin_export_csv" time="0.115" /><testcase classname="backend.tests.test_rbac_3tier.TestExportCSV" name="test_admin_export_csv" time="0.114" /><testcase classname="backend.tests.test_rbac_3tier.TestAdvertiserDashboardData" name="test_get_advertiser_dashboard_data" time="0.220" /><testcase classname="backend.tests.test_rbac_3tier.TestAdvertiserDashboardData" name="test_invalid_advertiser_id" time="0.105" /><testcase classname="backend.tests.test_rbac_3tier.TestAdminDashboardData" name="test_super_admin_view_admin_dashboard" time="0.222" /><testcase classname="backend.tests.test_rbac_3tier.TestAdminDashboardData" name="test_admin_cannot_view_other_admin_dashboard" time="0.145" /><testcase classname="backend.tests.test_rbac_3tier.TestUserRoleNoUserRole" name="test_cannot_create_user_role" time="0.115" /></testsuite></testsuites>